SF:lib/src/core/utils/password_validator.dart
DA:2,3
DA:3,6
DA:5,4
DA:6,4
DA:7,4
DA:12,2
DA:13,4
LF:7
LH:7
end_of_record
SF:lib/src/core/widgets/primary_text_field.dart
DA:8,8
DA:16,8
DA:17,8
DA:21,8
DA:24,8
DA:25,8
DA:29,8
DA:30,8
LF:8
LH:8
end_of_record
SF:lib/src/core/widgets/next_step_button.dart
DA:5,5
DA:6,5
DA:7,5
DA:9,5
DA:10,5
DA:14,5
DA:16,5
DA:17,5
LF:8
LH:8
end_of_record
SF:lib/src/core/widgets/primary_button.dart
DA:7,13
DA:9,12
DA:11,12
DA:12,12
DA:13,12
DA:16,12
DA:17,31
DA:18,12
DA:20,31
DA:25,10
DA:26,17
DA:27,1
DA:29,10
LF:13
LH:13
end_of_record
SF:lib/src/core/widgets/secondary_button.dart
DA:6,4
DA:12,4
DA:14,4
DA:15,4
DA:16,4
DA:19,4
DA:20,4
DA:21,4
DA:22,4
LF:9
LH:9
end_of_record
SF:lib/src/core/utils/networks/result.dart
DA:11,4
LF:1
LH:1
end_of_record
SF:lib/src/features/auth/data/datasources/remotes/auth_datasource_impl.dart
DA:10,1
DA:14,1
DA:16,4
DA:17,2
DA:18,3
DA:19,2
DA:20,3
DA:22,1
LF:8
LH:8
end_of_record
SF:lib/src/features/auth/data/dtos/check_email_duplicate.dart
DA:12,0
DA:13,0
LF:2
LH:0
end_of_record
SF:lib/src/features/auth/data/dtos/check_email_duplicate.g.dart
DA:9,0
DA:10,0
DA:11,0
DA:14,0
DA:16,0
DA:17,0
LF:6
LH:0
end_of_record
SF:lib/src/features/auth/data/repositories/auth_repository_impl.dart
DA:11,1
DA:15,1
DA:17,1
DA:18,2
DA:21,0
DA:24,0
DA:27,0
DA:30,0
LF:8
LH:4
end_of_record
SF:lib/src/features/auth/data/models/sign_in_dto.dart
DA:13,0
DA:14,0
DA:24,0
DA:25,0
LF:4
LH:0
end_of_record
SF:lib/src/features/auth/data/models/sign_in_dto.g.dart
DA:9,0
DA:10,0
DA:11,0
DA:14,0
DA:15,0
DA:16,0
DA:17,0
DA:20,0
DA:21,0
DA:22,0
DA:23,0
DA:26,0
DA:27,0
DA:28,0
DA:29,0
LF:15
LH:0
end_of_record
SF:lib/src/features/auth/data/models/sign_up_dto.dart
DA:17,0
DA:18,0
DA:27,0
DA:28,0
LF:4
LH:0
end_of_record
SF:lib/src/features/auth/data/models/sign_up_dto.g.dart
DA:9,0
DA:10,0
DA:11,0
DA:12,0
DA:13,0
DA:14,0
DA:15,0
DA:18,0
DA:19,0
DA:20,0
DA:21,0
DA:22,0
DA:23,0
DA:24,0
DA:25,0
DA:28,0
DA:29,0
DA:30,0
DA:33,0
DA:34,0
DA:35,0
LF:21
LH:0
end_of_record
SF:lib/src/features/auth/data/models/send_verification_email_response.dart
DA:14,1
DA:15,1
LF:2
LH:2
end_of_record
SF:lib/src/features/auth/data/models/send_verification_email_response.g.dart
DA:9,1
DA:11,1
DA:12,1
DA:15,1
DA:17,1
DA:18,1
LF:6
LH:6
end_of_record
SF:lib/src/features/auth/data/models/send_verification_email_request.dart
DA:13,1
DA:14,1
LF:2
LH:2
end_of_record
SF:lib/src/features/auth/data/models/send_verification_email_request.g.dart
DA:9,1
DA:11,1
DA:12,1
DA:15,1
DA:17,1
DA:18,1
LF:6
LH:6
end_of_record
SF:lib/src/features/auth/domain/usecases/check_email_duplicate_usecase.dart
DA:9,1
DA:12,1
DA:14,1
DA:15,1
DA:16,1
DA:18,2
LF:6
LH:6
end_of_record
SF:lib/src/features/auth/domain/entities/user_email.dart
DA:5,3
DA:7,3
DA:9,3
DA:10,6
DA:13,0
DA:14,0
DA:15,0
LF:7
LH:4
end_of_record
SF:lib/src/features/auth/domain/entities/user_agreement.dart
DA:14,11
DA:16,4
DA:17,7
DA:20,3
DA:21,7
LF:5
LH:5
end_of_record
SF:lib/src/features/auth/presentation/user_email/sections/resister_email_validate_text_view.dart
DA:7,2
DA:9,2
DA:12,8
DA:13,2
DA:15,2
DA:16,2
LF:6
LH:6
end_of_record
SF:lib/src/features/auth/presentation/user_email/blocs/user_email_state.dart
DA:9,6
DA:15,1
DA:21,1
DA:22,1
DA:23,1
DA:24,1
DA:25,1
DA:28,1
DA:29,1
DA:30,1
DA:31,1
DA:32,1
LF:12
LH:12
end_of_record
SF:lib/src/features/auth/presentation/user_email/blocs/user_email_bloc.dart
DA:13,1
DA:16,2
DA:17,2
DA:18,2
DA:21,1
DA:23,2
DA:24,5
DA:27,1
DA:29,3
DA:30,1
DA:31,3
DA:32,2
DA:33,2
LF:13
LH:13
end_of_record
SF:lib/src/features/auth/presentation/user_email/sections/resister_email_input_text_field.dart
DA:7,2
DA:9,2
DA:11,2
DA:14,2
DA:15,2
DA:17,2
DA:18,2
DA:22,2
DA:25,2
DA:27,2
DA:30,2
DA:31,2
DA:33,2
LF:13
LH:13
end_of_record
SF:lib/src/features/auth/presentation/user_email/sections/resister_email_validate_icon_view.dart
DA:7,3
DA:9,3
DA:11,3
DA:12,0
DA:13,0
DA:14,0
DA:15,3
DA:17,6
DA:22,1
DA:23,1
LF:10
LH:7
end_of_record
SF:lib/src/features/auth/presentation/user_email/widgets/validation_icon.dart
DA:5,2
DA:7,2
DA:9,2
DA:10,2
DA:14,2
DA:15,6
DA:18,2
DA:19,2
DA:21,2
LF:9
LH:9
end_of_record
SF:lib/src/features/auth/presentation/user_email/sections/resister_email_header.dart
DA:4,2
DA:6,2
DA:8,2
DA:11,2
DA:12,2
DA:13,2
DA:15,2
DA:18,2
DA:20,2
DA:21,2
DA:22,4
DA:23,2
DA:25,2
DA:28,2
DA:29,2
DA:31,2
DA:34,2
LF:17
LH:17
end_of_record
SF:lib/src/features/auth/presentation/user_email/sections/resister_email_button_view.dart
DA:7,2
DA:9,2
DA:11,2
DA:12,2
DA:13,2
DA:15,2
DA:16,2
DA:17,0
LF:8
LH:7
end_of_record
SF:lib/src/features/auth/presentation/user_email/views/resister_email_ui.dart
DA:5,1
DA:7,1
DA:9,1
DA:10,1
DA:12,1
DA:14,1
DA:16,1
DA:17,1
DA:19,1
DA:20,1
DA:21,1
DA:24,1
DA:25,1
DA:28,1
DA:31,1
LF:15
LH:15
end_of_record
SF:lib/src/features/auth/presentation/user_agreement/sections/user_agreement_ui_terms_section.dart
DA:16,3
DA:29,3
DA:31,3
DA:34,3
DA:35,3
DA:36,3
DA:37,3
DA:38,3
DA:39,3
DA:40,3
DA:44,3
DA:46,3
DA:48,3
DA:49,3
DA:50,3
DA:51,3
DA:52,3
DA:53,3
DA:56,3
DA:59,3
DA:60,3
DA:61,3
DA:62,3
DA:63,3
DA:64,3
DA:67,3
DA:70,3
DA:71,3
DA:72,3
DA:73,3
DA:74,3
DA:75,3
DA:79,3
DA:82,3
DA:83,3
DA:84,3
DA:85,3
DA:86,3
DA:87,3
LF:39
LH:39
end_of_record
SF:lib/src/features/auth/presentation/user_agreement/widgets/agreement_list_tile.dart
DA:11,4
DA:21,4
DA:23,4
DA:24,4
DA:27,4
DA:28,4
DA:30,4
DA:31,4
DA:33,4
DA:34,8
DA:37,4
DA:38,8
DA:44,6
DA:45,4
DA:46,1
LF:15
LH:15
end_of_record
SF:lib/src/features/auth/presentation/user_agreement/widgets/check_button.dart
DA:7,4
DA:10,4
DA:12,4
DA:13,4
DA:14,4
DA:18,4
DA:19,4
DA:22,4
DA:23,4
DA:26,4
DA:29,4
DA:30,8
LF:12
LH:12
end_of_record
SF:lib/src/features/auth/presentation/user_agreement/sections/user_agreement_ui_title_section.dart
DA:4,3
DA:6,3
DA:8,3
DA:11,3
DA:12,3
DA:14,3
DA:17,3
DA:20,3
DA:22,3
DA:25,3
LF:10
LH:10
end_of_record
SF:lib/src/features/auth/presentation/user_agreement/sections/user_agreement_ui_button_section.dart
DA:6,3
DA:8,3
DA:10,3
DA:11,3
DA:12,3
DA:14,3
DA:15,3
DA:19,3
DA:21,3
DA:22,3
LF:10
LH:10
end_of_record
SF:lib/src/features/auth/presentation/user_agreement/sections/user_agreement_ui_description_section.dart
DA:5,3
DA:7,3
DA:9,3
DA:10,6
DA:11,3
DA:14,3
DA:15,3
DA:20,3
DA:22,3
DA:23,3
DA:28,6
DA:30,3
DA:32,3
DA:33,3
LF:14
LH:14
end_of_record
SF:lib/src/features/auth/presentation/user_agreement/bloc/user_agreement_bloc.dart
DA:8,6
DA:9,4
DA:10,4
DA:11,4
DA:12,4
DA:13,4
DA:14,4
DA:17,2
DA:19,4
DA:20,2
DA:21,12
DA:24,2
DA:27,4
DA:28,8
DA:29,6
DA:32,2
DA:35,4
DA:36,8
DA:37,6
DA:40,2
DA:43,4
DA:44,8
DA:45,6
DA:48,2
DA:50,4
DA:51,2
DA:52,8
DA:53,4
DA:60,1
DA:62,2
DA:63,4
DA:64,2
LF:32
LH:32
end_of_record
SF:lib/src/features/auth/presentation/user_agreement/views/user_agreement_ui.dart
DA:12,2
DA:14,2
DA:16,2
DA:17,2
DA:19,2
DA:22,2
DA:24,2
DA:25,2
DA:29,2
DA:30,2
DA:31,2
DA:32,2
DA:33,2
DA:34,2
DA:35,2
DA:36,2
DA:37,2
DA:38,2
DA:39,3
DA:40,3
DA:41,1
DA:42,2
DA:43,1
DA:44,1
DA:45,2
DA:46,1
DA:47,1
DA:48,2
DA:49,1
DA:50,1
DA:55,2
DA:56,2
DA:57,2
DA:58,2
DA:61,2
DA:62,2
DA:63,2
DA:64,4
LF:38
LH:38
end_of_record
SF:lib/src/features/auth/presentation/resister_password/widgets/password_validate_text.dart
DA:5,3
DA:7,3
DA:9,3
DA:11,3
DA:13,7
LF:5
LH:5
end_of_record
SF:lib/src/features/auth/presentation/resister_password/blocs/resister_password_bloc.dart
DA:7,0
LF:1
LH:0
end_of_record
SF:lib/src/features/auth/presentation/resister_password/blocs/resister_password_state.dart
DA:15,2
DA:17,2
DA:18,4
DA:21,1
DA:22,2
DA:25,1
DA:26,3
DA:29,2
DA:30,4
LF:9
LH:9
end_of_record
SF:lib/src/features/auth/presentation/resister_password/sections/resister_password_button_view.dart
DA:7,2
DA:11,2
DA:13,2
DA:14,2
DA:15,2
DA:17,2
DA:18,2
DA:19,0
LF:8
LH:7
end_of_record
SF:lib/src/features/auth/presentation/resister_password/sections/resister_password_header.dart
DA:4,2
DA:6,2
DA:8,2
DA:10,2
DA:11,2
DA:13,2
DA:19,2
DA:20,2
DA:22,2
DA:24,2
LF:10
LH:10
end_of_record
SF:lib/src/features/auth/presentation/resister_password/sections/resister_password_input_text_field.dart
DA:6,3
DA:10,2
DA:12,2
DA:15,2
DA:16,2
DA:19,2
DA:20,1
DA:21,2
DA:22,2
DA:25,2
DA:28,2
DA:29,2
DA:32,2
DA:33,1
DA:34,2
DA:35,2
DA:38,2
DA:41,2
LF:18
LH:18
end_of_record
SF:lib/src/features/auth/presentation/resister_password/views/resister_password_ui.dart
DA:5,1
DA:7,1
DA:9,1
DA:10,1
DA:12,1
DA:14,1
DA:16,1
DA:17,1
DA:19,1
DA:20,1
DA:21,1
DA:22,1
DA:23,1
DA:26,1
LF:14
LH:14
end_of_record
SF:lib/src/features/auth/presentation/login/sections/login_text_fields_section.dart
DA:9,3
DA:17,3
DA:19,3
DA:23,3
DA:24,3
DA:26,3
DA:27,3
DA:31,3
DA:34,3
DA:36,3
DA:37,3
DA:38,3
DA:40,3
DA:41,3
DA:45,3
DA:48,3
DA:50,3
DA:51,3
DA:55,3
DA:58,3
DA:60,3
DA:61,3
DA:62,3
DA:63,3
DA:64,6
DA:68,3
DA:69,3
DA:70,3
DA:72,3
DA:73,3
LF:30
LH:30
end_of_record
SF:lib/src/features/auth/presentation/login/sections/login_ui_button_section.dart
DA:8,3
DA:11,3
DA:13,3
DA:15,3
DA:16,3
DA:17,3
DA:18,3
DA:20,3
DA:21,3
DA:26,3
DA:29,3
DA:30,3
DA:31,3
DA:33,3
DA:34,3
LF:15
LH:15
end_of_record
SF:lib/src/features/auth/presentation/login/sections/login_ui_title_section.dart
DA:4,3
DA:6,3
DA:8,3
DA:9,3
DA:12,3
DA:13,3
DA:15,3
DA:16,3
DA:21,3
DA:23,3
DA:24,3
LF:11
LH:11
end_of_record
SF:lib/src/features/auth/presentation/login/cubits/password_visibility_cubit.dart
DA:4,4
DA:6,6
LF:2
LH:2
end_of_record
SF:lib/src/features/auth/presentation/login/bloc/login_bloc.dart
DA:9,4
DA:10,4
DA:11,4
DA:14,2
DA:16,8
DA:17,2
DA:20,2
DA:22,10
DA:25,2
DA:27,10
LF:10
LH:10
end_of_record
SF:lib/src/features/auth/presentation/login/views/login_ui.dart
DA:10,2
DA:12,2
DA:14,2
DA:16,2
DA:17,4
DA:18,2
DA:20,2
DA:21,2
DA:22,2
DA:24,2
DA:25,2
DA:26,2
DA:30,2
DA:31,2
DA:32,2
DA:33,2
DA:34,4
DA:36,2
DA:38,4
DA:42,4
DA:49,2
DA:50,0
DA:51,0
DA:53,2
DA:55,2
DA:56,2
DA:65,2
DA:74,2
LF:28
LH:26
end_of_record
SF:lib/src/features/auth/presentation/login/widgets/label_button.dart
DA:6,2
DA:7,2
DA:8,2
LF:3
LH:3
end_of_record
